<?xml version="1.0" encoding="UTF-8"?>
<!-- Generated by org.testng.reporters.JUnitReportReporter -->
<testsuite hostname="DESKTOP-MEGCP4U" name="HoldActiveCancel_US_main.CreateRequest_Active" tests="11" failures="0" timestamp="7 Sep 2021 13:45:40 GMT" time="76.882" errors="0">
  <testcase name="RIPC_Login" time="17.569" classname="HoldActiveCancel_US_main.CreateRequest_Active"/>
  <testcase name="reqstatus" time="3.624" classname="HoldActiveCancel_US_main.CreateRequest_Active"/>
  <testcase name="select_Req" time="5.778" classname="HoldActiveCancel_US_main.CreateRequest_Active"/>
  <testcase name="skill_price" time="6.475" classname="HoldActiveCancel_US_main.CreateRequest_Active"/>
  <testcase name="supp" time="17.886" classname="HoldActiveCancel_US_main.CreateRequest_Active"/>
  <testcase name="req_detail" time="10.698" classname="HoldActiveCancel_US_main.CreateRequest_Active"/>
  <testcase name="alert_check" time="0.000" classname="HoldActiveCancel_US_main.CreateRequest_Active"/>
  <testcase name="skill_loc" time="7.989" classname="HoldActiveCancel_US_main.CreateRequest_Active"/>
  <testcase name="skill_Req" time="1.520" classname="HoldActiveCancel_US_main.CreateRequest_Active"/>
  <testcase name="select_jrss" time="3.285" classname="HoldActiveCancel_US_main.CreateRequest_Active"/>
  <testcase name="Create_Req" time="2.058" classname="HoldActiveCancel_US_main.CreateRequest_Active"/>
</testsuite> <!-- HoldActiveCancel_US_main.CreateRequest_Active -->
