<?xml version="1.0" encoding="UTF-8"?>
<!-- Generated by org.testng.reporters.JUnitReportReporter -->
<testsuite hostname="DESKTOP-MEGCP4U" name="HoldActiveCancel_US_main.AddResponse_Active" tests="10" failures="0" timestamp="7 Sep 2021 14:10:33 GMT" time="78.369" errors="0">
  <testcase name="save_Form" time="13.982" classname="HoldActiveCancel_US_main.AddResponse_Active"/>
  <testcase name="res_Status" time="4.036" classname="HoldActiveCancel_US_main.AddResponse_Active"/>
  <testcase name="fill_resdetails" time="1.285" classname="HoldActiveCancel_US_main.AddResponse_Active"/>
  <testcase name="fill_resAttrdetails" time="4.585" classname="HoldActiveCancel_US_main.AddResponse_Active"/>
  <testcase name="RIPC_Login" time="13.825" classname="HoldActiveCancel_US_main.AddResponse_Active"/>
  <testcase name="search_request" time="3.086" classname="HoldActiveCancel_US_main.AddResponse_Active"/>
  <testcase name="fill_ratesdetails" time="0.400" classname="HoldActiveCancel_US_main.AddResponse_Active"/>
  <testcase name="create_res" time="20.409" classname="HoldActiveCancel_US_main.AddResponse_Active"/>
  <testcase name="add_Attachement" time="6.717" classname="HoldActiveCancel_US_main.AddResponse_Active"/>
  <testcase name="click_req" time="10.044" classname="HoldActiveCancel_US_main.AddResponse_Active"/>
</testsuite> <!-- HoldActiveCancel_US_main.AddResponse_Active -->
