<?xml version="1.0" encoding="UTF-8"?>
<!-- Generated by org.testng.reporters.JUnitReportReporter -->
<testsuite hostname="DESKTOP-MEGCP4U" name="CRBActions_IN_C_Rej_main.CreateRequestRej_IN" tests="1" failures="0" timestamp="2 Sep 2021 10:49:45 GMT" time="118.752" errors="0">
  <testcase name="RIPC_Login" time="118.752" classname="CRBActions_IN_C_Rej_main.CreateRequestRej_IN"/>
</testsuite> <!-- CRBActions_IN_C_Rej_main.CreateRequestRej_IN -->
