<?xml version="1.0" encoding="UTF-8"?>
<!-- Generated by org.testng.reporters.JUnitReportReporter -->
<testsuite hostname="DESKTOP-MEGCP4U" name="HoldActiveCancel_GB_main.AddResponse_Hold_GB" tests="3" failures="0" timestamp="7 Sep 2021 05:55:58 GMT" time="17.105" errors="0">
  <testcase name="search_request" time="3.110" classname="HoldActiveCancel_GB_main.AddResponse_Hold_GB"/>
  <testcase name="RIPC_Login" time="12.346" classname="HoldActiveCancel_GB_main.AddResponse_Hold_GB"/>
  <testcase name="res_Status" time="1.649" classname="HoldActiveCancel_GB_main.AddResponse_Hold_GB"/>
</testsuite> <!-- HoldActiveCancel_GB_main.AddResponse_Hold_GB -->
