<?xml version="1.0" encoding="UTF-8"?>
<!-- Generated by org.testng.reporters.JUnitReportReporter -->
<testsuite hostname="DESKTOP-MEGCP4U" name="CRBActions_IN_C_Rej_main.FinalizeResponseRej_IN" tests="2" failures="0" timestamp="3 Sep 2021 05:40:40 GMT" time="93.074" errors="0">
  <testcase name="Finalize" time="26.455" classname="CRBActions_IN_C_Rej_main.FinalizeResponseRej_IN"/>
  <testcase name="login" time="66.619" classname="CRBActions_IN_C_Rej_main.FinalizeResponseRej_IN"/>
</testsuite> <!-- CRBActions_IN_C_Rej_main.FinalizeResponseRej_IN -->
