<?xml version="1.0" encoding="UTF-8"?>
<!-- Generated by org.testng.reporters.JUnitReportReporter -->
<testsuite hostname="DESKTOP-MEGCP4U" name="HoldActiveCancel_GB_main.CreateRequestCancel_GB" tests="3" failures="0" timestamp="7 Sep 2021 06:55:48 GMT" time="80.585" errors="0">
  <testcase name="cancelAction" time="7.209" classname="HoldActiveCancel_GB_main.CreateRequestCancel_GB"/>
  <testcase name="reqstatus" time="3.880" classname="HoldActiveCancel_GB_main.CreateRequestCancel_GB"/>
  <testcase name="RIPC_Login" time="69.496" classname="HoldActiveCancel_GB_main.CreateRequestCancel_GB"/>
</testsuite> <!-- HoldActiveCancel_GB_main.CreateRequestCancel_GB -->
