<?xml version="1.0" encoding="UTF-8"?>
<!-- Generated by org.testng.reporters.JUnitReportReporter -->
<testsuite hostname="DESKTOP-MEGCP4U" name="review_US_NC_main.CreateRequest" tests="10" failures="0" timestamp="25 Aug 2021 09:07:50 GMT" time="66.294" errors="0">
  <testcase name="skill_price" time="6.035" classname="review_US_NC_main.CreateRequest"/>
  <testcase name="supp" time="16.258" classname="review_US_NC_main.CreateRequest"/>
  <testcase name="RIPC_Login" time="13.354" classname="review_US_NC_main.CreateRequest"/>
  <testcase name="Create_Req" time="1.046" classname="review_US_NC_main.CreateRequest"/>
  <testcase name="select_jrss" time="3.139" classname="review_US_NC_main.CreateRequest"/>
  <testcase name="select_Req" time="6.243" classname="review_US_NC_main.CreateRequest"/>
  <testcase name="skill_loc" time="8.028" classname="review_US_NC_main.CreateRequest"/>
  <testcase name="alert_check" time="0.008" classname="review_US_NC_main.CreateRequest"/>
  <testcase name="skill_Req" time="1.640" classname="review_US_NC_main.CreateRequest"/>
  <testcase name="req_detail" time="10.543" classname="review_US_NC_main.CreateRequest"/>
</testsuite> <!-- review_US_NC_main.CreateRequest -->
