<?xml version="1.0" encoding="UTF-8"?>
<!-- Generated by org.testng.reporters.JUnitReportReporter -->
<testsuite hostname="DESKTOP-MEGCP4U" name="HoldActiveCancel_GB_main.CreateRequestActive_GB" tests="11" failures="0" timestamp="7 Sep 2021 14:35:34 GMT" time="128.333" errors="0">
  <testcase name="skill_price" time="8.252" classname="HoldActiveCancel_GB_main.CreateRequestActive_GB"/>
  <testcase name="skill_loc" time="8.569" classname="HoldActiveCancel_GB_main.CreateRequestActive_GB"/>
  <testcase name="Create_Req" time="0.940" classname="HoldActiveCancel_GB_main.CreateRequestActive_GB"/>
  <testcase name="select_Req" time="7.306" classname="HoldActiveCancel_GB_main.CreateRequestActive_GB"/>
  <testcase name="alert_check" time="0.015" classname="HoldActiveCancel_GB_main.CreateRequestActive_GB"/>
  <testcase name="reqstatus" time="4.188" classname="HoldActiveCancel_GB_main.CreateRequestActive_GB"/>
  <testcase name="skill_Req" time="1.938" classname="HoldActiveCancel_GB_main.CreateRequestActive_GB"/>
  <testcase name="supp" time="19.799" classname="HoldActiveCancel_GB_main.CreateRequestActive_GB"/>
  <testcase name="select_jrss" time="3.933" classname="HoldActiveCancel_GB_main.CreateRequestActive_GB"/>
  <testcase name="RIPC_Login" time="60.891" classname="HoldActiveCancel_GB_main.CreateRequestActive_GB"/>
  <testcase name="req_detail" time="12.502" classname="HoldActiveCancel_GB_main.CreateRequestActive_GB"/>
</testsuite> <!-- HoldActiveCancel_GB_main.CreateRequestActive_GB -->
