<?xml version="1.0" encoding="UTF-8"?>
<!-- Generated by org.testng.reporters.JUnitReportReporter -->
<testsuite hostname="DESKTOP-MEGCP4U" name="CRBActions_US_C_Rej_main.CRB_Rej" tests="2" failures="0" timestamp="31 Aug 2021 13:08:39 GMT" time="74.167" errors="0">
  <testcase name="CRB_login" time="60.827" classname="CRBActions_US_C_Rej_main.CRB_Rej"/>
  <testcase name="CRB_auth" time="13.340" classname="CRBActions_US_C_Rej_main.CRB_Rej"/>
</testsuite> <!-- CRBActions_US_C_Rej_main.CRB_Rej -->
