<?xml version="1.0" encoding="UTF-8"?>
<!-- Generated by org.testng.reporters.JUnitReportReporter -->
<testsuite hostname="DESKTOP-MEGCP4U" name="HoldActiveCancel_IN_main.AddResponse_Active_IN" tests="10" failures="0" timestamp="7 Sep 2021 14:54:08 GMT" time="83.532" errors="0">
  <testcase name="RIPC_Login" time="12.700" classname="HoldActiveCancel_IN_main.AddResponse_Active_IN"/>
  <testcase name="fill_ratesdetails" time="0.576" classname="HoldActiveCancel_IN_main.AddResponse_Active_IN"/>
  <testcase name="search_request" time="3.455" classname="HoldActiveCancel_IN_main.AddResponse_Active_IN"/>
  <testcase name="fill_resdetails" time="2.494" classname="HoldActiveCancel_IN_main.AddResponse_Active_IN"/>
  <testcase name="save_Form" time="13.827" classname="HoldActiveCancel_IN_main.AddResponse_Active_IN"/>
  <testcase name="add_Attachement" time="9.465" classname="HoldActiveCancel_IN_main.AddResponse_Active_IN"/>
  <testcase name="res_Status" time="6.047" classname="HoldActiveCancel_IN_main.AddResponse_Active_IN"/>
  <testcase name="click_req" time="9.133" classname="HoldActiveCancel_IN_main.AddResponse_Active_IN"/>
  <testcase name="fill_resAttrdetails" time="5.276" classname="HoldActiveCancel_IN_main.AddResponse_Active_IN"/>
  <testcase name="create_res" time="20.559" classname="HoldActiveCancel_IN_main.AddResponse_Active_IN"/>
</testsuite> <!-- HoldActiveCancel_IN_main.AddResponse_Active_IN -->
