<?xml version="1.0" encoding="UTF-8"?>
<!-- Generated by org.testng.reporters.JUnitReportReporter -->
<testsuite hostname="DESKTOP-MEGCP4U" name="CRBActions_IN_C_main.FinalizeResponseAuth_IN" tests="2" failures="0" timestamp="2 Sep 2021 05:48:36 GMT" time="82.301" errors="0">
  <testcase name="login" time="65.686" classname="CRBActions_IN_C_main.FinalizeResponseAuth_IN"/>
  <testcase name="Finalize" time="16.615" classname="CRBActions_IN_C_main.FinalizeResponseAuth_IN"/>
</testsuite> <!-- CRBActions_IN_C_main.FinalizeResponseAuth_IN -->
