<?xml version="1.0" encoding="UTF-8"?>
<!-- Generated by org.testng.reporters.JUnitReportReporter -->
<testsuite hostname="DESKTOP-MEGCP4U" name="CRBActions_IN_C_Auth_main.CRB_Auth_IN" tests="2" failures="0" timestamp="2 Sep 2021 07:52:34 GMT" time="57.517" errors="0">
  <testcase name="CRB_auth" time="22.668" classname="CRBActions_IN_C_Auth_main.CRB_Auth_IN"/>
  <testcase name="CRB_Wlcmpage" time="34.849" classname="CRBActions_IN_C_Auth_main.CRB_Auth_IN"/>
</testsuite> <!-- CRBActions_IN_C_Auth_main.CRB_Auth_IN -->
