<?xml version="1.0" encoding="UTF-8"?>
<!-- Generated by org.testng.reporters.JUnitReportReporter -->
<testsuite hostname="DESKTOP-MEGCP4U" name="HoldActiveCancel_IN_main.AddResponse_Reactivate_IN" tests="3" failures="0" timestamp="7 Sep 2021 09:16:14 GMT" time="18.049" errors="0">
  <testcase name="search_request" time="3.002" classname="HoldActiveCancel_IN_main.AddResponse_Reactivate_IN"/>
  <testcase name="RIPC_Login" time="13.228" classname="HoldActiveCancel_IN_main.AddResponse_Reactivate_IN"/>
  <testcase name="res_Status" time="1.819" classname="HoldActiveCancel_IN_main.AddResponse_Reactivate_IN"/>
</testsuite> <!-- HoldActiveCancel_IN_main.AddResponse_Reactivate_IN -->
