<?xml version="1.0" encoding="UTF-8"?>
<!-- Generated by org.testng.reporters.JUnitReportReporter -->
<testsuite hostname="DESKTOP-MEGCP4U" name="CRBActions_GB_C_Rej_main.FinalizeResponseRej_GB" tests="2" failures="0" timestamp="1 Sep 2021 11:33:17 GMT" time="102.477" errors="0">
  <testcase name="login" time="72.012" classname="CRBActions_GB_C_Rej_main.FinalizeResponseRej_GB"/>
  <testcase name="Finalize" time="30.465" classname="CRBActions_GB_C_Rej_main.FinalizeResponseRej_GB"/>
</testsuite> <!-- CRBActions_GB_C_Rej_main.FinalizeResponseRej_GB -->
