<?xml version="1.0" encoding="UTF-8"?>
<!-- Generated by org.testng.reporters.JUnitReportReporter -->
<testsuite hostname="DESKTOP-MEGCP4U" name="CRBActions_US_C_Auth_main.CRB_Auth" tests="2" failures="0" timestamp="31 Aug 2021 08:58:26 GMT" time="80.958" errors="0">
  <testcase name="CRB_login" time="63.096" classname="CRBActions_US_C_Auth_main.CRB_Auth"/>
  <testcase name="CRB_auth" time="17.862" classname="CRBActions_US_C_Auth_main.CRB_Auth"/>
</testsuite> <!-- CRBActions_US_C_Auth_main.CRB_Auth -->
