<?xml version="1.0" encoding="UTF-8"?>
<!-- Generated by org.testng.reporters.JUnitReportReporter -->
<testsuite hostname="DESKTOP-MEGCP4U" name="CRBActions_IN_C_Return_main.AddResponseReturn_IN" tests="8" failures="0" timestamp="3 Sep 2021 10:37:43 GMT" time="74.129" errors="0">
  <testcase name="fill_resAttrdetails" time="4.659" classname="CRBActions_IN_C_Return_main.AddResponseReturn_IN"/>
  <testcase name="save_Form" time="14.152" classname="CRBActions_IN_C_Return_main.AddResponseReturn_IN"/>
  <testcase name="search_request" time="13.546" classname="CRBActions_IN_C_Return_main.AddResponseReturn_IN"/>
  <testcase name="RIPC_Login" time="12.224" classname="CRBActions_IN_C_Return_main.AddResponseReturn_IN"/>
  <testcase name="add_Attachement" time="6.997" classname="CRBActions_IN_C_Return_main.AddResponseReturn_IN"/>
  <testcase name="fill_ratesdetails" time="0.436" classname="CRBActions_IN_C_Return_main.AddResponseReturn_IN"/>
  <testcase name="create_res" time="20.426" classname="CRBActions_IN_C_Return_main.AddResponseReturn_IN"/>
  <testcase name="fill_resdetails" time="1.689" classname="CRBActions_IN_C_Return_main.AddResponseReturn_IN"/>
</testsuite> <!-- CRBActions_IN_C_Return_main.AddResponseReturn_IN -->
