<?xml version="1.0" encoding="UTF-8"?>
<!-- Generated by org.testng.reporters.JUnitReportReporter -->
<testsuite hostname="DESKTOP-MEGCP4U" name="CRBActions_GB_C_Return_main.AddResponseReturn_GB" tests="8" failures="0" timestamp="1 Sep 2021 11:26:57 GMT" time="69.606" errors="0">
  <testcase name="create_res" time="20.459" classname="CRBActions_GB_C_Return_main.AddResponseReturn_GB"/>
  <testcase name="fill_resAttrdetails" time="4.643" classname="CRBActions_GB_C_Return_main.AddResponseReturn_GB"/>
  <testcase name="RIPC_Login" time="11.047" classname="CRBActions_GB_C_Return_main.AddResponseReturn_GB"/>
  <testcase name="add_Attachement" time="7.332" classname="CRBActions_GB_C_Return_main.AddResponseReturn_GB"/>
  <testcase name="fill_ratesdetails" time="0.439" classname="CRBActions_GB_C_Return_main.AddResponseReturn_GB"/>
  <testcase name="save_Form" time="11.479" classname="CRBActions_GB_C_Return_main.AddResponseReturn_GB"/>
  <testcase name="fill_resdetails" time="1.271" classname="CRBActions_GB_C_Return_main.AddResponseReturn_GB"/>
  <testcase name="search_request" time="12.936" classname="CRBActions_GB_C_Return_main.AddResponseReturn_GB"/>
</testsuite> <!-- CRBActions_GB_C_Return_main.AddResponseReturn_GB -->
