<?xml version="1.0" encoding="UTF-8"?>
<!-- Generated by org.testng.reporters.JUnitReportReporter -->
<testsuite hostname="DESKTOP-MEGCP4U" name="CRBActions_IN_C_Return_main.FinalizeResponseReturn_IN" tests="2" failures="0" timestamp="3 Sep 2021 10:57:48 GMT" time="86.064" errors="0">
  <testcase name="login" time="65.348" classname="CRBActions_IN_C_Return_main.FinalizeResponseReturn_IN"/>
  <testcase name="Finalize" time="20.716" classname="CRBActions_IN_C_Return_main.FinalizeResponseReturn_IN"/>
</testsuite> <!-- CRBActions_IN_C_Return_main.FinalizeResponseReturn_IN -->
