<?xml version="1.0" encoding="UTF-8"?>
<!-- Generated by org.testng.reporters.JUnitReportReporter -->
<testsuite hostname="DESKTOP-MEGCP4U" name="CRBActions_US_NC_Rej_main.CRB_Rej" tests="2" failures="0" timestamp="25 Aug 2021 13:07:04 GMT" time="76.837" errors="0">
  <testcase name="CRB_login" time="61.648" classname="CRBActions_US_NC_Rej_main.CRB_Rej"/>
  <testcase name="CRB_auth" time="15.189" classname="CRBActions_US_NC_Rej_main.CRB_Rej"/>
</testsuite> <!-- CRBActions_US_NC_Rej_main.CRB_Rej -->
