<?xml version="1.0" encoding="UTF-8"?>
<!-- Generated by org.testng.reporters.JUnitReportReporter -->
<testsuite hostname="DESKTOP-MEGCP4U" name="CRBActions_GB_C_main.CRB_Auth_GB" tests="2" failures="0" timestamp="1 Sep 2021 06:00:21 GMT" time="38.649" errors="0">
  <testcase name="CRB_Wlcmpage" time="17.827" classname="CRBActions_GB_C_main.CRB_Auth_GB"/>
  <testcase name="CRB_auth" time="20.822" classname="CRBActions_GB_C_main.CRB_Auth_GB"/>
</testsuite> <!-- CRBActions_GB_C_main.CRB_Auth_GB -->
