<?xml version="1.0" encoding="UTF-8"?>
<!-- Generated by org.testng.reporters.JUnitReportReporter -->
<testsuite hostname="DESKTOP-MEGCP4U" name="CRBActions_US_C_Rej_main.AddResponse_Rej" tests="8" failures="0" timestamp="31 Aug 2021 08:15:14 GMT" time="151.692" errors="0">
  <testcase name="fill_ratesdetails" time="0.646" classname="CRBActions_US_C_Rej_main.AddResponse_Rej"/>
  <testcase name="save_Form" time="88.875" classname="CRBActions_US_C_Rej_main.AddResponse_Rej"/>
  <testcase name="RIPC_Login" time="13.560" classname="CRBActions_US_C_Rej_main.AddResponse_Rej"/>
  <testcase name="fill_resdetails" time="1.963" classname="CRBActions_US_C_Rej_main.AddResponse_Rej"/>
  <testcase name="create_res" time="20.623" classname="CRBActions_US_C_Rej_main.AddResponse_Rej"/>
  <testcase name="search_request" time="13.013" classname="CRBActions_US_C_Rej_main.AddResponse_Rej"/>
  <testcase name="add_Attachement" time="7.823" classname="CRBActions_US_C_Rej_main.AddResponse_Rej"/>
  <testcase name="fill_resAttrdetails" time="5.189" classname="CRBActions_US_C_Rej_main.AddResponse_Rej"/>
</testsuite> <!-- CRBActions_US_C_Rej_main.AddResponse_Rej -->
