<?xml version="1.0" encoding="UTF-8"?>
<!-- Generated by org.testng.reporters.JUnitReportReporter -->
<testsuite hostname="DESKTOP-MEGCP4U" name="review_GB_NC_main.CreateRequest_GB" tests="10" failures="0" timestamp="25 Aug 2021 09:47:53 GMT" time="123.312" errors="0">
  <testcase name="RIPC_Login" time="61.139" classname="review_GB_NC_main.CreateRequest_GB"/>
  <testcase name="select_Req" time="6.369" classname="review_GB_NC_main.CreateRequest_GB"/>
  <testcase name="skill_Req" time="1.585" classname="review_GB_NC_main.CreateRequest_GB"/>
  <testcase name="alert_check" time="0.006" classname="review_GB_NC_main.CreateRequest_GB"/>
  <testcase name="Create_Req" time="2.104" classname="review_GB_NC_main.CreateRequest_GB"/>
  <testcase name="select_jrss" time="4.919" classname="review_GB_NC_main.CreateRequest_GB"/>
  <testcase name="supp" time="18.854" classname="review_GB_NC_main.CreateRequest_GB"/>
  <testcase name="skill_price" time="7.784" classname="review_GB_NC_main.CreateRequest_GB"/>
  <testcase name="req_detail" time="12.061" classname="review_GB_NC_main.CreateRequest_GB"/>
  <testcase name="skill_loc" time="8.491" classname="review_GB_NC_main.CreateRequest_GB"/>
</testsuite> <!-- review_GB_NC_main.CreateRequest_GB -->
