<?xml version="1.0" encoding="UTF-8"?>
<!-- Generated by org.testng.reporters.JUnitReportReporter -->
<testsuite hostname="DESKTOP-MEGCP4U" name="HoldActiveCancel_IN_main.CreateRequest_Reactivate_IN" tests="3" failures="0" timestamp="7 Sep 2021 08:33:46 GMT" time="73.717" errors="0">
  <testcase name="reqstatus" time="2.878" classname="HoldActiveCancel_IN_main.CreateRequest_Reactivate_IN"/>
  <testcase name="RIPC_Login" time="66.289" classname="HoldActiveCancel_IN_main.CreateRequest_Reactivate_IN"/>
  <testcase name="holdAction" time="4.550" classname="HoldActiveCancel_IN_main.CreateRequest_Reactivate_IN"/>
</testsuite> <!-- HoldActiveCancel_IN_main.CreateRequest_Reactivate_IN -->
