<?xml version="1.0" encoding="UTF-8"?>
<!-- Generated by org.testng.reporters.JUnitReportReporter -->
<testsuite hostname="DESKTOP-MEGCP4U" name="CRBActions_GB_C_Return_main.CreateRequestReturn_GB" tests="10" failures="0" timestamp="1 Sep 2021 10:29:03 GMT" time="123.312" errors="0">
  <testcase name="RIPC_Login" time="61.316" classname="CRBActions_GB_C_Return_main.CreateRequestReturn_GB"/>
  <testcase name="skill_Req" time="1.459" classname="CRBActions_GB_C_Return_main.CreateRequestReturn_GB"/>
  <testcase name="select_Req" time="7.169" classname="CRBActions_GB_C_Return_main.CreateRequestReturn_GB"/>
  <testcase name="req_detail" time="11.977" classname="CRBActions_GB_C_Return_main.CreateRequestReturn_GB"/>
  <testcase name="skill_price" time="7.806" classname="CRBActions_GB_C_Return_main.CreateRequestReturn_GB"/>
  <testcase name="alert_check" time="0.000" classname="CRBActions_GB_C_Return_main.CreateRequestReturn_GB"/>
  <testcase name="select_jrss" time="3.695" classname="CRBActions_GB_C_Return_main.CreateRequestReturn_GB"/>
  <testcase name="Create_Req" time="1.751" classname="CRBActions_GB_C_Return_main.CreateRequestReturn_GB"/>
  <testcase name="skill_loc" time="9.222" classname="CRBActions_GB_C_Return_main.CreateRequestReturn_GB"/>
  <testcase name="supp" time="18.917" classname="CRBActions_GB_C_Return_main.CreateRequestReturn_GB"/>
</testsuite> <!-- CRBActions_GB_C_Return_main.CreateRequestReturn_GB -->
