<?xml version="1.0" encoding="UTF-8"?>
<!-- Generated by org.testng.reporters.JUnitReportReporter -->
<testsuite hostname="DESKTOP-MEGCP4U" name="HoldActiveCancel_GB_main.CreateRequestReactive_GB" tests="3" failures="0" timestamp="7 Sep 2021 06:06:55 GMT" time="77.010" errors="0">
  <testcase name="reqstatus" time="3.667" classname="HoldActiveCancel_GB_main.CreateRequestReactive_GB"/>
  <testcase name="reactiveAction" time="7.872" classname="HoldActiveCancel_GB_main.CreateRequestReactive_GB"/>
  <testcase name="RIPC_Login" time="65.471" classname="HoldActiveCancel_GB_main.CreateRequestReactive_GB"/>
</testsuite> <!-- HoldActiveCancel_GB_main.CreateRequestReactive_GB -->
