<?xml version="1.0" encoding="UTF-8"?>
<!-- Generated by org.testng.reporters.JUnitReportReporter -->
<testsuite hostname="DESKTOP-MEGCP4U" name="CRBActions_US_NC_Auth_main.PO_Authorization" tests="2" failures="0" timestamp="25 Aug 2021 12:07:34 GMT" time="70.611" errors="0">
  <testcase name="authorize_PO" time="56.025" classname="CRBActions_US_NC_Auth_main.PO_Authorization"/>
  <testcase name="PO_Login" time="14.586" classname="CRBActions_US_NC_Auth_main.PO_Authorization"/>
</testsuite> <!-- CRBActions_US_NC_Auth_main.PO_Authorization -->
