<?xml version="1.0" encoding="UTF-8"?>
<!-- Generated by org.testng.reporters.JUnitReportReporter -->
<testsuite hostname="DESKTOP-MEGCP4U" name="HoldActiveCancel_IN_main.CreateRequest_Cancel_IN" tests="3" failures="0" timestamp="7 Sep 2021 09:18:45 GMT" time="116.414" errors="0">
  <testcase name="RIPC_Login" time="105.389" classname="HoldActiveCancel_IN_main.CreateRequest_Cancel_IN"/>
  <testcase name="cancelAction" time="7.547" classname="HoldActiveCancel_IN_main.CreateRequest_Cancel_IN"/>
  <testcase name="reqstatus" time="3.478" classname="HoldActiveCancel_IN_main.CreateRequest_Cancel_IN"/>
</testsuite> <!-- HoldActiveCancel_IN_main.CreateRequest_Cancel_IN -->
