<?xml version="1.0" encoding="UTF-8"?>
<!-- Generated by org.testng.reporters.JUnitReportReporter -->
<testsuite hostname="DESKTOP-MEGCP4U" name="CRBActions_US_NC_main.CRB_Auth" tests="2" failures="0" timestamp="25 Aug 2021 10:36:27 GMT" time="73.610" errors="0">
  <testcase name="CRB_login" time="59.594" classname="CRBActions_US_NC_main.CRB_Auth"/>
  <testcase name="CRB_auth" time="14.016" classname="CRBActions_US_NC_main.CRB_Auth"/>
</testsuite> <!-- CRBActions_US_NC_main.CRB_Auth -->
