<?xml version="1.0" encoding="UTF-8"?>
<!-- Generated by org.testng.reporters.JUnitReportReporter -->
<testsuite hostname="DESKTOP-MEGCP4U" name="HoldActiveCancel_GB_main.AddResponse_Reactive_GB" tests="3" failures="0" timestamp="7 Sep 2021 06:26:21 GMT" time="14.001" errors="0">
  <testcase name="search_request" time="1.626" classname="HoldActiveCancel_GB_main.AddResponse_Reactive_GB"/>
  <testcase name="RIPC_Login" time="11.773" classname="HoldActiveCancel_GB_main.AddResponse_Reactive_GB"/>
  <testcase name="res_Status" time="0.602" classname="HoldActiveCancel_GB_main.AddResponse_Reactive_GB"/>
</testsuite> <!-- HoldActiveCancel_GB_main.AddResponse_Reactive_GB -->
