<?xml version="1.0" encoding="UTF-8"?>
<!-- Generated by org.testng.reporters.JUnitReportReporter -->
<testsuite hostname="DESKTOP-MEGCP4U" name="CRBActions_US_C_Return_main.FinalizeResponse_Return" tests="2" failures="0" timestamp="31 Aug 2021 14:39:08 GMT" time="45.842" errors="0">
  <testcase name="Finalize" time="23.629" classname="CRBActions_US_C_Return_main.FinalizeResponse_Return"/>
  <testcase name="login" time="22.213" classname="CRBActions_US_C_Return_main.FinalizeResponse_Return"/>
</testsuite> <!-- CRBActions_US_C_Return_main.FinalizeResponse_Return -->
