<?xml version="1.0" encoding="UTF-8"?>
<!-- Generated by org.testng.reporters.JUnitReportReporter -->
<testsuite hostname="DESKTOP-MEGCP4U" name="CRBActions_US_C_Return_main.CRB_Return" tests="2" failures="0" timestamp="31 Aug 2021 14:51:59 GMT" time="78.733" errors="0">
  <testcase name="CRB_login" time="61.334" classname="CRBActions_US_C_Return_main.CRB_Return"/>
  <testcase name="CRB_auth" time="17.399" classname="CRBActions_US_C_Return_main.CRB_Return"/>
</testsuite> <!-- CRBActions_US_C_Return_main.CRB_Return -->
