<?xml version="1.0" encoding="UTF-8"?>
<!-- Generated by org.testng.reporters.JUnitReportReporter -->
<testsuite hostname="DESKTOP-MEGCP4U" name="CRBActions_GB_C_Return_main.CRB_Return_GB" tests="2" failures="0" timestamp="1 Sep 2021 12:38:43 GMT" time="35.861" errors="0">
  <testcase name="CRB_auth" time="19.952" classname="CRBActions_GB_C_Return_main.CRB_Return_GB"/>
  <testcase name="CRB_Wlcmpage" time="15.909" classname="CRBActions_GB_C_Return_main.CRB_Return_GB"/>
</testsuite> <!-- CRBActions_GB_C_Return_main.CRB_Return_GB -->
