<?xml version="1.0" encoding="UTF-8"?>
<!-- Generated by org.testng.reporters.JUnitReportReporter -->
<testsuite hostname="DESKTOP-MEGCP4U" name="HoldActiveCancel_GB_main.AddResponse_Cancel_GB" tests="3" failures="0" timestamp="7 Sep 2021 07:17:27 GMT" time="18.831" errors="0">
  <testcase name="res_Status" time="1.629" classname="HoldActiveCancel_GB_main.AddResponse_Cancel_GB"/>
  <testcase name="RIPC_Login" time="14.216" classname="HoldActiveCancel_GB_main.AddResponse_Cancel_GB"/>
  <testcase name="search_request" time="2.986" classname="HoldActiveCancel_GB_main.AddResponse_Cancel_GB"/>
</testsuite> <!-- HoldActiveCancel_GB_main.AddResponse_Cancel_GB -->
