<?xml version="1.0" encoding="UTF-8"?>
<!-- Generated by org.testng.reporters.JUnitReportReporter -->
<testsuite hostname="DESKTOP-MEGCP4U" name="CRBActions_IN_C_Return_main.CreateRequestReturn_IN" tests="1" failures="0" timestamp="3 Sep 2021 10:18:22 GMT" time="109.770" errors="0">
  <testcase name="RIPC_Login" time="109.770" classname="CRBActions_IN_C_Return_main.CreateRequestReturn_IN"/>
</testsuite> <!-- CRBActions_IN_C_Return_main.CreateRequestReturn_IN -->
