<?xml version="1.0" encoding="UTF-8"?>
<!-- Generated by org.testng.reporters.JUnitReportReporter -->
<testsuite hostname="DESKTOP-MEGCP4U" name="CRBActions_IN_C_Auth_main.PO_Authorization_IN" tests="2" failures="0" timestamp="3 Sep 2021 07:37:03 GMT" time="39.537" errors="0">
  <testcase name="authorize_PO" time="22.583" classname="CRBActions_IN_C_Auth_main.PO_Authorization_IN"/>
  <testcase name="PO_Login" time="16.954" classname="CRBActions_IN_C_Auth_main.PO_Authorization_IN"/>
</testsuite> <!-- CRBActions_IN_C_Auth_main.PO_Authorization_IN -->
