<?xml version="1.0" encoding="UTF-8"?>
<!-- Generated by org.testng.reporters.JUnitReportReporter -->
<testsuite hostname="DESKTOP-MEGCP4U" name="CRBActions_GB_C_Rej_main.CreateRequestRej_GB" tests="10" failures="0" timestamp="1 Sep 2021 06:37:43 GMT" time="138.923" errors="0">
  <testcase name="skill_Req" time="1.865" classname="CRBActions_GB_C_Rej_main.CreateRequestRej_GB"/>
  <testcase name="select_jrss" time="5.629" classname="CRBActions_GB_C_Rej_main.CreateRequestRej_GB"/>
  <testcase name="Create_Req" time="1.110" classname="CRBActions_GB_C_Rej_main.CreateRequestRej_GB"/>
  <testcase name="req_detail" time="14.965" classname="CRBActions_GB_C_Rej_main.CreateRequestRej_GB"/>
  <testcase name="supp" time="24.425" classname="CRBActions_GB_C_Rej_main.CreateRequestRej_GB"/>
  <testcase name="skill_loc" time="9.844" classname="CRBActions_GB_C_Rej_main.CreateRequestRej_GB"/>
  <testcase name="skill_price" time="10.118" classname="CRBActions_GB_C_Rej_main.CreateRequestRej_GB"/>
  <testcase name="alert_check" time="0.006" classname="CRBActions_GB_C_Rej_main.CreateRequestRej_GB"/>
  <testcase name="RIPC_Login" time="61.923" classname="CRBActions_GB_C_Rej_main.CreateRequestRej_GB"/>
  <testcase name="select_Req" time="9.038" classname="CRBActions_GB_C_Rej_main.CreateRequestRej_GB"/>
</testsuite> <!-- CRBActions_GB_C_Rej_main.CreateRequestRej_GB -->
