<?xml version="1.0" encoding="UTF-8"?>
<!-- Generated by org.testng.reporters.JUnitReportReporter -->
<testsuite hostname="DESKTOP-MEGCP4U" name="CRBActions_US_C_Rej_main.CreateRequest_Rej" tests="10" failures="0" timestamp="31 Aug 2021 13:47:33 GMT" time="86.117" errors="0">
  <testcase name="req_detail" time="13.080" classname="CRBActions_US_C_Rej_main.CreateRequest_Rej"/>
  <testcase name="skill_loc" time="9.165" classname="CRBActions_US_C_Rej_main.CreateRequest_Rej"/>
  <testcase name="skill_price" time="7.076" classname="CRBActions_US_C_Rej_main.CreateRequest_Rej"/>
  <testcase name="supp" time="23.680" classname="CRBActions_US_C_Rej_main.CreateRequest_Rej"/>
  <testcase name="RIPC_Login" time="18.169" classname="CRBActions_US_C_Rej_main.CreateRequest_Rej"/>
  <testcase name="Create_Req" time="1.242" classname="CRBActions_US_C_Rej_main.CreateRequest_Rej"/>
  <testcase name="skill_Req" time="1.924" classname="CRBActions_US_C_Rej_main.CreateRequest_Rej"/>
  <testcase name="select_jrss" time="4.502" classname="CRBActions_US_C_Rej_main.CreateRequest_Rej"/>
  <testcase name="alert_check" time="0.005" classname="CRBActions_US_C_Rej_main.CreateRequest_Rej"/>
  <testcase name="select_Req" time="7.274" classname="CRBActions_US_C_Rej_main.CreateRequest_Rej"/>
</testsuite> <!-- CRBActions_US_C_Rej_main.CreateRequest_Rej -->
