<?xml version="1.0" encoding="UTF-8"?>
<!-- Generated by org.testng.reporters.JUnitReportReporter -->
<testsuite hostname="DESKTOP-MEGCP4U" name="CRBActions_IN_C_main.AddResponseAuth_IN" tests="8" failures="0" timestamp="2 Sep 2021 04:55:35 GMT" time="82.695" errors="0">
  <testcase name="fill_resAttrdetails" time="5.382" classname="CRBActions_IN_C_main.AddResponseAuth_IN"/>
  <testcase name="save_Form" time="17.224" classname="CRBActions_IN_C_main.AddResponseAuth_IN"/>
  <testcase name="search_request" time="12.920" classname="CRBActions_IN_C_main.AddResponseAuth_IN"/>
  <testcase name="RIPC_Login" time="13.567" classname="CRBActions_IN_C_main.AddResponseAuth_IN"/>
  <testcase name="add_Attachement" time="10.100" classname="CRBActions_IN_C_main.AddResponseAuth_IN"/>
  <testcase name="fill_ratesdetails" time="0.592" classname="CRBActions_IN_C_main.AddResponseAuth_IN"/>
  <testcase name="create_res" time="20.553" classname="CRBActions_IN_C_main.AddResponseAuth_IN"/>
  <testcase name="fill_resdetails" time="2.357" classname="CRBActions_IN_C_main.AddResponseAuth_IN"/>
</testsuite> <!-- CRBActions_IN_C_main.AddResponseAuth_IN -->
