<?xml version="1.0" encoding="UTF-8"?>
<!-- Generated by org.testng.reporters.JUnitReportReporter -->
<testsuite hostname="DESKTOP-MEGCP4U" name="CRBActions_US_C_Auth_main.CreateRequest_Auth" tests="10" failures="0" timestamp="31 Aug 2021 07:51:02 GMT" time="89.947" errors="0">
  <testcase name="alert_check" time="0.008" classname="CRBActions_US_C_Auth_main.CreateRequest_Auth"/>
  <testcase name="skill_price" time="9.107" classname="CRBActions_US_C_Auth_main.CreateRequest_Auth"/>
  <testcase name="req_detail" time="14.274" classname="CRBActions_US_C_Auth_main.CreateRequest_Auth"/>
  <testcase name="RIPC_Login" time="16.340" classname="CRBActions_US_C_Auth_main.CreateRequest_Auth"/>
  <testcase name="Create_Req" time="1.691" classname="CRBActions_US_C_Auth_main.CreateRequest_Auth"/>
  <testcase name="skill_loc" time="12.770" classname="CRBActions_US_C_Auth_main.CreateRequest_Auth"/>
  <testcase name="skill_Req" time="1.731" classname="CRBActions_US_C_Auth_main.CreateRequest_Auth"/>
  <testcase name="select_Req" time="7.066" classname="CRBActions_US_C_Auth_main.CreateRequest_Auth"/>
  <testcase name="supp" time="22.612" classname="CRBActions_US_C_Auth_main.CreateRequest_Auth"/>
  <testcase name="select_jrss" time="4.348" classname="CRBActions_US_C_Auth_main.CreateRequest_Auth"/>
</testsuite> <!-- CRBActions_US_C_Auth_main.CreateRequest_Auth -->
