<?xml version="1.0" encoding="UTF-8"?>
<!-- Generated by org.testng.reporters.JUnitReportReporter -->
<testsuite hostname="DESKTOP-MEGCP4U" name="CRBActions_US_NC_main.SB_Auth" tests="1" failures="0" timestamp="25 Aug 2021 10:07:22 GMT" time="31.320" errors="0">
  <testcase name="SB_auth" time="31.320" classname="CRBActions_US_NC_main.SB_Auth"/>
</testsuite> <!-- CRBActions_US_NC_main.SB_Auth -->
