<?xml version="1.0" encoding="UTF-8"?>
<!-- Generated by org.testng.reporters.JUnitReportReporter -->
<testsuite hostname="DESKTOP-MEGCP4U" name="CRBActions_GB_C_main.POAuth_GB" tests="2" failures="0" timestamp="1 Sep 2021 11:00:03 GMT" time="40.223" errors="0">
  <testcase name="PO_Login" time="14.453" classname="CRBActions_GB_C_main.POAuth_GB"/>
  <testcase name="authorize_PO" time="25.770" classname="CRBActions_GB_C_main.POAuth_GB"/>
</testsuite> <!-- CRBActions_GB_C_main.POAuth_GB -->
