<?xml version="1.0" encoding="UTF-8"?>
<!-- Generated by org.testng.reporters.JUnitReportReporter -->
<testsuite hostname="DESKTOP-MEGCP4U" name="CRBActions_IN_C_main.CreateRequest_IN" tests="1" failures="0" timestamp="1 Sep 2021 12:16:01 GMT" time="121.008" errors="0">
  <testcase name="RIPC_Login" time="121.008" classname="CRBActions_IN_C_main.CreateRequest_IN"/>
</testsuite> <!-- CRBActions_IN_C_main.CreateRequest_IN -->
