<?xml version="1.0" encoding="UTF-8"?>
<!-- Generated by org.testng.reporters.JUnitReportReporter -->
<testsuite hostname="DESKTOP-MEGCP4U" name="HoldActiveCancel_US_main.AddResponse_Cancel" tests="3" failures="0" timestamp="7 Sep 2021 14:37:26 GMT" time="13.892" errors="0">
  <testcase name="search_request" time="1.603" classname="HoldActiveCancel_US_main.AddResponse_Cancel"/>
  <testcase name="RIPC_Login" time="10.904" classname="HoldActiveCancel_US_main.AddResponse_Cancel"/>
  <testcase name="res_Status" time="1.385" classname="HoldActiveCancel_US_main.AddResponse_Cancel"/>
</testsuite> <!-- HoldActiveCancel_US_main.AddResponse_Cancel -->
