<?xml version="1.0" encoding="UTF-8"?>
<!-- Generated by org.testng.reporters.JUnitReportReporter -->
<testsuite hostname="DESKTOP-MEGCP4U" name="CRBActions_GB_C_main.CreateRequestAuth_GB" tests="10" failures="0" timestamp="31 Aug 2021 14:41:59 GMT" time="138.377" errors="0">
  <testcase name="RIPC_Login" time="62.290" classname="CRBActions_GB_C_main.CreateRequestAuth_GB"/>
  <testcase name="select_Req" time="7.926" classname="CRBActions_GB_C_main.CreateRequestAuth_GB"/>
  <testcase name="skill_Req" time="1.779" classname="CRBActions_GB_C_main.CreateRequestAuth_GB"/>
  <testcase name="Create_Req" time="1.088" classname="CRBActions_GB_C_main.CreateRequestAuth_GB"/>
  <testcase name="select_jrss" time="6.439" classname="CRBActions_GB_C_main.CreateRequestAuth_GB"/>
  <testcase name="skill_loc" time="9.691" classname="CRBActions_GB_C_main.CreateRequestAuth_GB"/>
  <testcase name="req_detail" time="14.341" classname="CRBActions_GB_C_main.CreateRequestAuth_GB"/>
  <testcase name="skill_price" time="9.117" classname="CRBActions_GB_C_main.CreateRequestAuth_GB"/>
  <testcase name="supp" time="25.694" classname="CRBActions_GB_C_main.CreateRequestAuth_GB"/>
  <testcase name="alert_check" time="0.012" classname="CRBActions_GB_C_main.CreateRequestAuth_GB"/>
</testsuite> <!-- CRBActions_GB_C_main.CreateRequestAuth_GB -->
