<?xml version="1.0" encoding="UTF-8"?>
<!-- Generated by org.testng.reporters.JUnitReportReporter -->
<testsuite hostname="DESKTOP-MEGCP4U" name="CRBActions_GB_C_Return_main.FinalizeResponseReturn_GB" tests="2" failures="0" timestamp="1 Sep 2021 12:18:59 GMT" time="100.666" errors="0">
  <testcase name="Finalize" time="31.666" classname="CRBActions_GB_C_Return_main.FinalizeResponseReturn_GB"/>
  <testcase name="login" time="69.000" classname="CRBActions_GB_C_Return_main.FinalizeResponseReturn_GB"/>
</testsuite> <!-- CRBActions_GB_C_Return_main.FinalizeResponseReturn_GB -->
