<?xml version="1.0" encoding="UTF-8"?>
<!-- Generated by org.testng.reporters.JUnitReportReporter -->
<testsuite hostname="DESKTOP-MEGCP4U" name="HoldActiveCancel_IN_main.AddResponse_Hold_IN" tests="3" failures="0" timestamp="7 Sep 2021 08:31:45 GMT" time="14.395" errors="0">
  <testcase name="search_request" time="1.702" classname="HoldActiveCancel_IN_main.AddResponse_Hold_IN"/>
  <testcase name="RIPC_Login" time="12.000" classname="HoldActiveCancel_IN_main.AddResponse_Hold_IN"/>
  <testcase name="res_Status" time="0.693" classname="HoldActiveCancel_IN_main.AddResponse_Hold_IN"/>
</testsuite> <!-- HoldActiveCancel_IN_main.AddResponse_Hold_IN -->
