<?xml version="1.0" encoding="UTF-8"?>
<!-- Generated by org.testng.reporters.JUnitReportReporter -->
<testsuite hostname="DESKTOP-MEGCP4U" name="CRBActions_US_C_Return_main.CreateRequest_Return" tests="10" failures="0" timestamp="31 Aug 2021 13:28:42 GMT" time="115.627" errors="1">
  <testcase name="RIPC_Login" time="13.643" classname="CRBActions_US_C_Return_main.CreateRequest_Return"/>
  <testcase name="skill_Req" time="1.429" classname="CRBActions_US_C_Return_main.CreateRequest_Return"/>
  <testcase name="select_Req" time="5.960" classname="CRBActions_US_C_Return_main.CreateRequest_Return"/>
  <testcase name="select_jrss" time="3.310" classname="CRBActions_US_C_Return_main.CreateRequest_Return"/>
  <testcase name="Create_Req" time="1.744" classname="CRBActions_US_C_Return_main.CreateRequest_Return"/>
  <testcase name="skill_loc" time="7.895" classname="CRBActions_US_C_Return_main.CreateRequest_Return"/>
  <testcase name="alert_check" time="0.016" classname="CRBActions_US_C_Return_main.CreateRequest_Return"/>
  <testcase name="skill_price" time="5.520" classname="CRBActions_US_C_Return_main.CreateRequest_Return"/>
  <testcase name="req_detail" time="10.532" classname="CRBActions_US_C_Return_main.CreateRequest_Return"/>
  <testcase name="supp" time="65.578" classname="CRBActions_US_C_Return_main.CreateRequest_Return">
    <error type="java.lang.NullPointerException">
      <![CDATA[java.lang.NullPointerException
	at lib.Excel.setCellValue(Excel.java:80)
	at CRBActions_US_C_Return.Step01_CreateRequest_Return.SupplierSelectionPage(Step01_CreateRequest_Return.java:560)
	at CRBActions_US_C_Return_main.CreateRequest_Return.supp(CreateRequest_Return.java:130)
	at sun.reflect.NativeMethodAccessorImpl.invoke0(Native Method)
	at sun.reflect.NativeMethodAccessorImpl.invoke(Unknown Source)
	at sun.reflect.DelegatingMethodAccessorImpl.invoke(Unknown Source)
	at java.lang.reflect.Method.invoke(Unknown Source)
	at org.testng.internal.MethodInvocationHelper.invokeMethod(MethodInvocationHelper.java:86)
	at org.testng.internal.Invoker.invokeMethod(Invoker.java:643)
	at org.testng.internal.Invoker.invokeTestMethod(Invoker.java:820)
	at org.testng.internal.Invoker.invokeTestMethods(Invoker.java:1128)
	at org.testng.internal.TestMethodWorker.invokeTestMethods(TestMethodWorker.java:129)
	at org.testng.internal.TestMethodWorker.run(TestMethodWorker.java:112)
	at org.testng.TestRunner.privateRun(TestRunner.java:782)
	at org.testng.TestRunner.run(TestRunner.java:632)
	at org.testng.SuiteRunner.runTest(SuiteRunner.java:366)
	at org.testng.SuiteRunner.runSequentially(SuiteRunner.java:361)
	at org.testng.SuiteRunner.privateRun(SuiteRunner.java:319)
	at org.testng.SuiteRunner.run(SuiteRunner.java:268)
	at org.testng.SuiteRunnerWorker.runSuite(SuiteRunnerWorker.java:52)
	at org.testng.SuiteRunnerWorker.run(SuiteRunnerWorker.java:86)
	at org.testng.TestNG.runSuitesSequentially(TestNG.java:1244)
	at org.testng.TestNG.runSuitesLocally(TestNG.java:1169)
	at org.testng.TestNG.run(TestNG.java:1064)
	at org.testng.remote.AbstractRemoteTestNG.run(AbstractRemoteTestNG.java:132)
	at org.testng.remote.RemoteTestNG.initAndRun(RemoteTestNG.java:236)
	at org.testng.remote.RemoteTestNG.main(RemoteTestNG.java:81)
]]>
    </error>
  </testcase> <!-- supp -->
</testsuite> <!-- CRBActions_US_C_Return_main.CreateRequest_Return -->
