<?xml version="1.0" encoding="UTF-8"?>
<!-- Generated by org.testng.reporters.JUnitReportReporter -->
<testsuite hostname="DESKTOP-MEGCP4U" name="HoldActiveCancel_IN_main.CreateRequest_Hold_IN" tests="3" failures="0" timestamp="7 Sep 2021 08:13:47 GMT" time="84.342" errors="0">
  <testcase name="RIPC_Login" time="70.522" classname="HoldActiveCancel_IN_main.CreateRequest_Hold_IN"/>
  <testcase name="reqstatus" time="2.864" classname="HoldActiveCancel_IN_main.CreateRequest_Hold_IN"/>
  <testcase name="holdAction" time="10.956" classname="HoldActiveCancel_IN_main.CreateRequest_Hold_IN"/>
</testsuite> <!-- HoldActiveCancel_IN_main.CreateRequest_Hold_IN -->
