<?xml version="1.0" encoding="UTF-8"?>
<!-- Generated by org.testng.reporters.JUnitReportReporter -->
<testsuite hostname="DESKTOP-MEGCP4U" name="CRBActions_US_NC_Rej_main.CreateRequest_Auth" tests="10" failures="0" timestamp="25 Aug 2021 10:43:12 GMT" time="65.114" errors="0">
  <testcase name="supp" time="15.577" classname="CRBActions_US_NC_Rej_main.CreateRequest_Auth"/>
  <testcase name="skill_price" time="5.327" classname="CRBActions_US_NC_Rej_main.CreateRequest_Auth"/>
  <testcase name="RIPC_Login" time="15.647" classname="CRBActions_US_NC_Rej_main.CreateRequest_Auth"/>
  <testcase name="Create_Req" time="0.919" classname="CRBActions_US_NC_Rej_main.CreateRequest_Auth"/>
  <testcase name="skill_Req" time="1.449" classname="CRBActions_US_NC_Rej_main.CreateRequest_Auth"/>
  <testcase name="alert_check" time="0.016" classname="CRBActions_US_NC_Rej_main.CreateRequest_Auth"/>
  <testcase name="select_jrss" time="3.238" classname="CRBActions_US_NC_Rej_main.CreateRequest_Auth"/>
  <testcase name="select_Req" time="5.384" classname="CRBActions_US_NC_Rej_main.CreateRequest_Auth"/>
  <testcase name="skill_loc" time="7.680" classname="CRBActions_US_NC_Rej_main.CreateRequest_Auth"/>
  <testcase name="req_detail" time="9.877" classname="CRBActions_US_NC_Rej_main.CreateRequest_Auth"/>
</testsuite> <!-- CRBActions_US_NC_Rej_main.CreateRequest_Auth -->
