<?xml version="1.0" encoding="UTF-8"?>
<!-- Generated by org.testng.reporters.JUnitReportReporter -->
<testsuite hostname="DESKTOP-MEGCP4U" name="CRBActions_GB_C_main.AddResponseAuth_GB" tests="8" failures="0" timestamp="31 Aug 2021 15:12:14 GMT" time="76.361" errors="0">
  <testcase name="fill_ratesdetails" time="0.755" classname="CRBActions_GB_C_main.AddResponseAuth_GB"/>
  <testcase name="save_Form" time="13.790" classname="CRBActions_GB_C_main.AddResponseAuth_GB"/>
  <testcase name="RIPC_Login" time="14.260" classname="CRBActions_GB_C_main.AddResponseAuth_GB"/>
  <testcase name="fill_resdetails" time="1.756" classname="CRBActions_GB_C_main.AddResponseAuth_GB"/>
  <testcase name="create_res" time="20.635" classname="CRBActions_GB_C_main.AddResponseAuth_GB"/>
  <testcase name="search_request" time="12.948" classname="CRBActions_GB_C_main.AddResponseAuth_GB"/>
  <testcase name="add_Attachement" time="6.904" classname="CRBActions_GB_C_main.AddResponseAuth_GB"/>
  <testcase name="fill_resAttrdetails" time="5.313" classname="CRBActions_GB_C_main.AddResponseAuth_GB"/>
</testsuite> <!-- CRBActions_GB_C_main.AddResponseAuth_GB -->
