<?xml version="1.0" encoding="UTF-8"?>
<!-- Generated by org.testng.reporters.JUnitReportReporter -->
<testsuite hostname="DESKTOP-MEGCP4U" name="CRBActions_US_C_Return_main.AddResponse_Return" tests="8" failures="0" timestamp="31 Aug 2021 14:19:33 GMT" time="82.599" errors="0">
  <testcase name="fill_ratesdetails" time="0.656" classname="CRBActions_US_C_Return_main.AddResponse_Return"/>
  <testcase name="RIPC_Login" time="14.935" classname="CRBActions_US_C_Return_main.AddResponse_Return"/>
  <testcase name="fill_resAttrdetails" time="5.205" classname="CRBActions_US_C_Return_main.AddResponse_Return"/>
  <testcase name="add_Attachement" time="10.166" classname="CRBActions_US_C_Return_main.AddResponse_Return"/>
  <testcase name="search_request" time="11.744" classname="CRBActions_US_C_Return_main.AddResponse_Return"/>
  <testcase name="create_res" time="20.599" classname="CRBActions_US_C_Return_main.AddResponse_Return"/>
  <testcase name="fill_resdetails" time="2.036" classname="CRBActions_US_C_Return_main.AddResponse_Return"/>
  <testcase name="save_Form" time="17.258" classname="CRBActions_US_C_Return_main.AddResponse_Return"/>
</testsuite> <!-- CRBActions_US_C_Return_main.AddResponse_Return -->
