<?xml version="1.0" encoding="UTF-8"?>
<!-- Generated by org.testng.reporters.JUnitReportReporter -->
<testsuite hostname="DESKTOP-MEGCP4U" name="CRBActions_GB_C_main.FinalizeResponseAuth_GB" tests="2" failures="0" timestamp="1 Sep 2021 04:56:30 GMT" time="100.050" errors="0">
  <testcase name="Finalize" time="30.990" classname="CRBActions_GB_C_main.FinalizeResponseAuth_GB"/>
  <testcase name="login" time="69.060" classname="CRBActions_GB_C_main.FinalizeResponseAuth_GB"/>
</testsuite> <!-- CRBActions_GB_C_main.FinalizeResponseAuth_GB -->
