<?xml version="1.0" encoding="UTF-8"?>
<!-- Generated by org.testng.reporters.JUnitReportReporter -->
<testsuite hostname="DESKTOP-MEGCP4U" name="HoldActiveCancel_IN_main.CreateRequestActive_IN" tests="1" failures="0" timestamp="7 Sep 2021 14:32:07 GMT" time="112.742" errors="0">
  <testcase name="RIPC_Login" time="112.742" classname="HoldActiveCancel_IN_main.CreateRequestActive_IN"/>
</testsuite> <!-- HoldActiveCancel_IN_main.CreateRequestActive_IN -->
