<?xml version="1.0" encoding="UTF-8"?>
<!-- Generated by org.testng.reporters.JUnitReportReporter -->
<testsuite hostname="DESKTOP-MEGCP4U" name="HoldActiveCancel_US_main.AddResponse_Hold" tests="3" failures="0" timestamp="7 Sep 2021 14:36:21 GMT" time="17.479" errors="0">
  <testcase name="RIPC_Login" time="14.220" classname="HoldActiveCancel_US_main.AddResponse_Hold"/>
  <testcase name="search_request" time="2.024" classname="HoldActiveCancel_US_main.AddResponse_Hold"/>
  <testcase name="res_Status" time="1.235" classname="HoldActiveCancel_US_main.AddResponse_Hold"/>
</testsuite> <!-- HoldActiveCancel_US_main.AddResponse_Hold -->
