<?xml version="1.0" encoding="UTF-8"?>
<!-- Generated by org.testng.reporters.JUnitReportReporter -->
<testsuite hostname="DESKTOP-MEGCP4U" name="HoldActiveCancel_US_main.CreateRequest_Reactivate" tests="3" failures="0" timestamp="6 Sep 2021 14:19:07 GMT" time="26.448" errors="0">
  <testcase name="holdAction" time="4.078" classname="HoldActiveCancel_US_main.CreateRequest_Reactivate"/>
  <testcase name="RIPC_Login" time="19.462" classname="HoldActiveCancel_US_main.CreateRequest_Reactivate"/>
  <testcase name="reqstatus" time="2.908" classname="HoldActiveCancel_US_main.CreateRequest_Reactivate"/>
</testsuite> <!-- HoldActiveCancel_US_main.CreateRequest_Reactivate -->
