<?xml version="1.0" encoding="UTF-8"?>
<!-- Generated by org.testng.reporters.JUnitReportReporter -->
<testsuite hostname="DESKTOP-MEGCP4U" name="CRBActions_GB_C_Rej_main.CRB_Rej_GB" tests="2" failures="0" timestamp="1 Sep 2021 12:19:59 GMT" time="39.418" errors="0">
  <testcase name="CRB_auth" time="21.487" classname="CRBActions_GB_C_Rej_main.CRB_Rej_GB"/>
  <testcase name="CRB_Wlcmpage" time="17.931" classname="CRBActions_GB_C_Rej_main.CRB_Rej_GB"/>
</testsuite> <!-- CRBActions_GB_C_Rej_main.CRB_Rej_GB -->
