<?xml version="1.0" encoding="UTF-8"?>
<!-- Generated by org.testng.reporters.JUnitReportReporter -->
<testsuite hostname="DESKTOP-MEGCP4U" name="HoldActiveCancel_US_main.AddResponse_Reactive" tests="3" failures="0" timestamp="6 Sep 2021 14:55:34 GMT" time="17.848" errors="0">
  <testcase name="res_Status" time="1.297" classname="HoldActiveCancel_US_main.AddResponse_Reactive"/>
  <testcase name="RIPC_Login" time="13.984" classname="HoldActiveCancel_US_main.AddResponse_Reactive"/>
  <testcase name="search_request" time="2.567" classname="HoldActiveCancel_US_main.AddResponse_Reactive"/>
</testsuite> <!-- HoldActiveCancel_US_main.AddResponse_Reactive -->
