<?xml version="1.0" encoding="UTF-8"?>
<!-- Generated by org.testng.reporters.JUnitReportReporter -->
<testsuite hostname="DESKTOP-MEGCP4U" name="HoldActiveCancel_US_main.CreateRequest_Hold" tests="3" failures="0" timestamp="6 Sep 2021 12:19:19 GMT" time="24.942" errors="0">
  <testcase name="RIPC_Login" time="17.177" classname="HoldActiveCancel_US_main.CreateRequest_Hold"/>
  <testcase name="reqstatus" time="2.296" classname="HoldActiveCancel_US_main.CreateRequest_Hold"/>
  <testcase name="holdAction" time="5.469" classname="HoldActiveCancel_US_main.CreateRequest_Hold"/>
</testsuite> <!-- HoldActiveCancel_US_main.CreateRequest_Hold -->
