<?xml version="1.0" encoding="UTF-8"?>
<!-- Generated by org.testng.reporters.JUnitReportReporter -->
<testsuite hostname="DESKTOP-MEGCP4U" name="review_IN_NC_main.CreateRequest_IN" tests="1" failures="0" timestamp="25 Aug 2021 10:58:29 GMT" time="108.996" errors="0">
  <testcase name="RIPC_Login" time="108.996" classname="review_IN_NC_main.CreateRequest_IN"/>
</testsuite> <!-- review_IN_NC_main.CreateRequest_IN -->
