<?xml version="1.0" encoding="UTF-8"?>
<!-- Generated by org.testng.reporters.JUnitReportReporter -->
<testsuite hostname="DESKTOP-MEGCP4U" name="CRBActions_US_C_Auth_main.FinalizeResponse" tests="2" failures="0" timestamp="31 Aug 2021 07:24:02 GMT" time="49.114" errors="0">
  <testcase name="login" time="23.720" classname="CRBActions_US_C_Auth_main.FinalizeResponse"/>
  <testcase name="Finalize" time="25.394" classname="CRBActions_US_C_Auth_main.FinalizeResponse"/>
</testsuite> <!-- CRBActions_US_C_Auth_main.FinalizeResponse -->
