<?xml version="1.0" encoding="UTF-8"?>
<!-- Generated by org.testng.reporters.JUnitReportReporter -->
<testsuite hostname="DESKTOP-MEGCP4U" name="CRBActions_IN_C_Return_main.CRB_Return_IN" tests="3" failures="0" timestamp="3 Sep 2021 11:17:38 GMT" time="31.255" errors="0">
  <testcase name="CRB_Wlcmpage" time="14.445" classname="CRBActions_IN_C_Return_main.CRB_Return_IN"/>
  <testcase name="CRB_Switch" time="3.375" classname="CRBActions_IN_C_Return_main.CRB_Return_IN"/>
  <testcase name="CRB_auth" time="13.435" classname="CRBActions_IN_C_Return_main.CRB_Return_IN"/>
</testsuite> <!-- CRBActions_IN_C_Return_main.CRB_Return_IN -->
